Change Component Designator: OldDesignator=C13 NewDesignator=C14
Change Component Designator: OldDesignator=C14 NewDesignator=C15
Change Component Designator: OldDesignator=C15 NewDesignator=C16
Change Component Designator: OldDesignator=C16 NewDesignator=C17
Added Component: Designator=C13(C0805)
Add component. Clean all parameters for all variants
Add component (AddParameter): Name = "Category"; Value = "Capacitor"; VariantName = "[No Variations]"
Add component (AddParameter): Name = "Creator"; Value = "Tunn"; VariantName = "[No Variations]"
Add component (AddParameter): Name = "Datasheet"; Value = "#https://api.kemet.com/component-edge/download/datasheet/C0805C104K4RACTU.pdf#"; VariantName = "[No Variations]"
Add component (AddParameter): Name = "Detailed Value"; Value = "0.1uF-16V"; VariantName = "[No Variations]"
Add component (AddParameter): Name = "Link sale"; Value = "#https://www.digikey.com/product-detail/en/kemet/C0805C104K4RACTU/399-1167-1-ND/411442#"; VariantName = "[No Variations]"
Add component (AddParameter): Name = "Manufacture"; Value = "KEMET"; VariantName = "[No Variations]"
Add component (AddParameter): Name = "Mounting type"; Value = "Surface Mount"; VariantName = "[No Variations]"
Add component (AddParameter): Name = "Operating Temperature"; Value = "-55° to 125°C"; VariantName = "[No Variations]"
Add component (AddParameter): Name = "Partnumber"; Value = "C0805C104K4RACTU"; VariantName = "[No Variations]"
Add component (AddParameter): Name = "Pricing (USD)"; Value = "0.22"; VariantName = "[No Variations]"
Add component (AddParameter): Name = "Supplier"; Value = "Digikey"; VariantName = "[No Variations]"
Add component (AddParameter): Name = "Temperature Coefficient"; Value = "X7R"; VariantName = "[No Variations]"
Add component (AddParameter): Name = "Tolerance"; Value = "±10%"; VariantName = "[No Variations]"
Add component (AddParameter): Name = "Value"; Value = "0.1uF"; VariantName = "[No Variations]"
Add component (AddParameter): Name = "Voltage Rated"; Value = "16V"; VariantName = "[No Variations]"
Added Pin To Net: NetName=GND Pin=C13-1
Added Pin To Net: NetName=+3.3 Pin=C13-2
Added Member To Class: ClassName=Sheet1 Member=Component C17 0.1uF
Added Member To Class: ClassName=Sheet1 Member=Component U1 AMS1117
